Performing C++ SOURCE FILE Test CMAKE_HAVE_LIBC_PTHREAD failed with the following output:
Change Dir: /home/zhubinwu/L2ILT/cuilt/cmake/CMakeFiles/CMakeTmp

Run Build Command(s):/usr/bin/make cmTC_40b8d/fast && /usr/bin/make -f CMakeFiles/cmTC_40b8d.dir/build.make CMakeFiles/cmTC_40b8d.dir/build
make[1]: Entering directory '/home/zhubinwu/L2ILT/cuilt/cmake/CMakeFiles/CMakeTmp'
Building CXX object CMakeFiles/cmTC_40b8d.dir/src.cxx.o
/usr/bin/c++    -Wall -O2 -D_DEBUG -DCMAKE_HAVE_LIBC_PTHREAD   -std=gnu++11 -o CMakeFiles/cmTC_40b8d.dir/src.cxx.o -c /home/zhubinwu/L2ILT/cuilt/cmake/CMakeFiles/CMakeTmp/src.cxx
Linking CXX executable cmTC_40b8d
/usr/bin/cmake -E cmake_link_script CMakeFiles/cmTC_40b8d.dir/link.txt --verbose=1
/usr/bin/c++   -Wall -O2 -D_DEBUG -DCMAKE_HAVE_LIBC_PTHREAD    CMakeFiles/cmTC_40b8d.dir/src.cxx.o  -o cmTC_40b8d 
/usr/bin/ld: CMakeFiles/cmTC_40b8d.dir/src.cxx.o: in function `main':
src.cxx:(.text.startup+0x29): undefined reference to `pthread_create'
/usr/bin/ld: src.cxx:(.text.startup+0x32): undefined reference to `pthread_detach'
/usr/bin/ld: src.cxx:(.text.startup+0x3d): undefined reference to `pthread_join'
collect2: error: ld returned 1 exit status
make[1]: *** [CMakeFiles/cmTC_40b8d.dir/build.make:87: cmTC_40b8d] Error 1
make[1]: Leaving directory '/home/zhubinwu/L2ILT/cuilt/cmake/CMakeFiles/CMakeTmp'
make: *** [Makefile:121: cmTC_40b8d/fast] Error 2


Source file was:
#include <pthread.h>

void* test_func(void* data)
{
  return data;
}

int main(void)
{
  pthread_t thread;
  pthread_create(&thread, NULL, test_func, NULL);
  pthread_detach(thread);
  pthread_join(thread, NULL);
  pthread_atfork(NULL, NULL, NULL);
  pthread_exit(NULL);

  return 0;
}

Determining if the function pthread_create exists in the pthreads failed with the following output:
Change Dir: /home/zhubinwu/L2ILT/cuilt/cmake/CMakeFiles/CMakeTmp

Run Build Command(s):/usr/bin/make cmTC_c23b8/fast && /usr/bin/make -f CMakeFiles/cmTC_c23b8.dir/build.make CMakeFiles/cmTC_c23b8.dir/build
make[1]: Entering directory '/home/zhubinwu/L2ILT/cuilt/cmake/CMakeFiles/CMakeTmp'
Building CXX object CMakeFiles/cmTC_c23b8.dir/CheckFunctionExists.cxx.o
/usr/bin/c++    -Wall -O2 -D_DEBUG -DCHECK_FUNCTION_EXISTS=pthread_create   -std=gnu++11 -o CMakeFiles/cmTC_c23b8.dir/CheckFunctionExists.cxx.o -c /home/zhubinwu/L2ILT/cuilt/cmake/CMakeFiles/CheckLibraryExists/CheckFunctionExists.cxx
Linking CXX executable cmTC_c23b8
/usr/bin/cmake -E cmake_link_script CMakeFiles/cmTC_c23b8.dir/link.txt --verbose=1
/usr/bin/c++   -Wall -O2 -D_DEBUG -DCHECK_FUNCTION_EXISTS=pthread_create    CMakeFiles/cmTC_c23b8.dir/CheckFunctionExists.cxx.o  -o cmTC_c23b8  -lpthreads 
/usr/bin/ld: cannot find -lpthreads
collect2: error: ld returned 1 exit status
make[1]: *** [CMakeFiles/cmTC_c23b8.dir/build.make:87: cmTC_c23b8] Error 1
make[1]: Leaving directory '/home/zhubinwu/L2ILT/cuilt/cmake/CMakeFiles/CMakeTmp'
make: *** [Makefile:121: cmTC_c23b8/fast] Error 2



